<?xml version="1.0" encoding="UTF-8"?>
<testng-results skipped="0" failed="0" ignored="0" total="9" passed="9">
  <reporter-output>
  </reporter-output>
  <suite name="Default suite" duration-ms="35" started-at="2017-03-01T09:47:43Z" finished-at="2017-03-01T09:47:43Z">
    <groups>
    </groups>
    <test name="Default test" duration-ms="35" started-at="2017-03-01T09:47:43Z" finished-at="2017-03-01T09:47:43Z">
      <class name="ProjectTestNG.MyMavenProjectTestNG.MyTest1ForTestNG">
        <test-method status="PASS" signature="initializeInstanceOfClass()[pri:0, instance:ProjectTestNG.MyMavenProjectTestNG.MyTest1ForTestNG@3a82f6ef]" name="initializeInstanceOfClass" is-config="true" duration-ms="6" started-at="2017-03-01T11:47:43Z" finished-at="2017-03-01T11:47:43Z">
          <reporter-output>
          </reporter-output>
        </test-method> <!-- initializeInstanceOfClass -->
        <test-method status="PASS" signature="testCalculateExperianceCoeffIfExpirianceLess9Years()[pri:0, instance:ProjectTestNG.MyMavenProjectTestNG.MyTest1ForTestNG@3a82f6ef]" name="testCalculateExperianceCoeffIfExpirianceLess9Years" duration-ms="5" started-at="2017-03-01T11:47:43Z" finished-at="2017-03-01T11:47:43Z">
          <reporter-output>
          </reporter-output>
        </test-method> <!-- testCalculateExperianceCoeffIfExpirianceLess9Years -->
        <test-method status="PASS" signature="testCalculateExperianceCoeffIfExpirianceMore10Years()[pri:0, instance:ProjectTestNG.MyMavenProjectTestNG.MyTest1ForTestNG@3a82f6ef]" name="testCalculateExperianceCoeffIfExpirianceMore10Years" duration-ms="1" started-at="2017-03-01T11:47:43Z" finished-at="2017-03-01T11:47:43Z">
          <reporter-output>
          </reporter-output>
        </test-method> <!-- testCalculateExperianceCoeffIfExpirianceMore10Years -->
        <test-method status="PASS" signature="testCalculateOneDayCost()[pri:0, instance:ProjectTestNG.MyMavenProjectTestNG.MyTest1ForTestNG@3a82f6ef]" name="testCalculateOneDayCost" duration-ms="0" started-at="2017-03-01T11:47:43Z" finished-at="2017-03-01T11:47:43Z">
          <reporter-output>
          </reporter-output>
        </test-method> <!-- testCalculateOneDayCost -->
        <test-method status="PASS" signature="testCalculeteBonus()[pri:0, instance:ProjectTestNG.MyMavenProjectTestNG.MyTest1ForTestNG@3a82f6ef]" name="testCalculeteBonus" duration-ms="0" started-at="2017-03-01T11:47:43Z" finished-at="2017-03-01T11:47:43Z">
          <reporter-output>
          </reporter-output>
        </test-method> <!-- testCalculeteBonus -->
        <test-method status="PASS" signature="testCountRealWorkigDays()[pri:0, instance:ProjectTestNG.MyMavenProjectTestNG.MyTest1ForTestNG@3a82f6ef]" name="testCountRealWorkigDays" duration-ms="1" started-at="2017-03-01T11:47:43Z" finished-at="2017-03-01T11:47:43Z">
          <reporter-output>
          </reporter-output>
        </test-method> <!-- testCountRealWorkigDays -->
        <test-method status="PASS" signature="testExceptionIsThrownInCalculateExperianceCoeffClass()[pri:0, instance:ProjectTestNG.MyMavenProjectTestNG.MyTest1ForTestNG@3a82f6ef]" name="testExceptionIsThrownInCalculateExperianceCoeffClass" duration-ms="1" started-at="2017-03-01T11:47:43Z" finished-at="2017-03-01T11:47:43Z">
          <exception class="java.lang.IllegalArgumentException">
            <message>
              <![CDATA[ERROR!!! 'experience' value is less 0! ]]>
            </message>
            <full-stacktrace>
              <![CDATA[java.lang.IllegalArgumentException: ERROR!!! 'experience' value is less 0! 
	at ProjectTestNG.MyMavenProjectTestNG.EmployeeOfCompany.calculateExperianceCoeff(EmployeeOfCompany.java:88)
	at ProjectTestNG.MyMavenProjectTestNG.MyTest1ForTestNG.testExceptionIsThrownInCalculateExperianceCoeffClass(MyTest1ForTestNG.java:58)
	at sun.reflect.NativeMethodAccessorImpl.invoke0(Native Method)
	at sun.reflect.NativeMethodAccessorImpl.invoke(Unknown Source)
	at sun.reflect.DelegatingMethodAccessorImpl.invoke(Unknown Source)
	at java.lang.reflect.Method.invoke(Unknown Source)
	at org.testng.internal.MethodInvocationHelper.invokeMethod(MethodInvocationHelper.java:104)
	at org.testng.internal.Invoker.invokeMethod(Invoker.java:645)
	at org.testng.internal.Invoker.invokeTestMethod(Invoker.java:851)
	at org.testng.internal.Invoker.invokeTestMethods(Invoker.java:1177)
	at org.testng.internal.TestMethodWorker.invokeTestMethods(TestMethodWorker.java:129)
	at org.testng.internal.TestMethodWorker.run(TestMethodWorker.java:112)
	at org.testng.TestRunner.privateRun(TestRunner.java:756)
	at org.testng.TestRunner.run(TestRunner.java:610)
	at org.testng.SuiteRunner.runTest(SuiteRunner.java:387)
	at org.testng.SuiteRunner.runSequentially(SuiteRunner.java:382)
	at org.testng.SuiteRunner.privateRun(SuiteRunner.java:340)
	at org.testng.SuiteRunner.run(SuiteRunner.java:289)
	at org.testng.SuiteRunnerWorker.runSuite(SuiteRunnerWorker.java:52)
	at org.testng.SuiteRunnerWorker.run(SuiteRunnerWorker.java:86)
	at org.testng.TestNG.runSuitesSequentially(TestNG.java:1293)
	at org.testng.TestNG.runSuitesLocally(TestNG.java:1218)
	at org.testng.TestNG.runSuites(TestNG.java:1133)
	at org.testng.TestNG.run(TestNG.java:1104)
	at org.testng.remote.AbstractRemoteTestNG.run(AbstractRemoteTestNG.java:132)
	at org.testng.remote.RemoteTestNG.initAndRun(RemoteTestNG.java:236)
	at org.testng.remote.RemoteTestNG.main(RemoteTestNG.java:81)
]]>
            </full-stacktrace>
          </exception> <!-- java.lang.IllegalArgumentException -->
          <reporter-output>
          </reporter-output>
        </test-method> <!-- testExceptionIsThrownInCalculateExperianceCoeffClass -->
        <test-method status="PASS" signature="testExceptionIsThrownInCalculateOneDayCostClass()[pri:0, instance:ProjectTestNG.MyMavenProjectTestNG.MyTest1ForTestNG@3a82f6ef]" name="testExceptionIsThrownInCalculateOneDayCostClass" duration-ms="1" started-at="2017-03-01T11:47:43Z" finished-at="2017-03-01T11:47:43Z">
          <exception class="java.lang.IllegalArgumentException">
            <message>
              <![CDATA['SalaryRate' should be more than 0 and 'generalWorkigDaysInMoth' should be 0 or more! ]]>
            </message>
            <full-stacktrace>
              <![CDATA[java.lang.IllegalArgumentException: 'SalaryRate' should be more than 0 and 'generalWorkigDaysInMoth' should be 0 or more! 
	at ProjectTestNG.MyMavenProjectTestNG.EmployeeOfCompany.calculateOneDayCost(EmployeeOfCompany.java:78)
	at ProjectTestNG.MyMavenProjectTestNG.MyTest1ForTestNG.testExceptionIsThrownInCalculateOneDayCostClass(MyTest1ForTestNG.java:20)
	at sun.reflect.NativeMethodAccessorImpl.invoke0(Native Method)
	at sun.reflect.NativeMethodAccessorImpl.invoke(Unknown Source)
	at sun.reflect.DelegatingMethodAccessorImpl.invoke(Unknown Source)
	at java.lang.reflect.Method.invoke(Unknown Source)
	at org.testng.internal.MethodInvocationHelper.invokeMethod(MethodInvocationHelper.java:104)
	at org.testng.internal.Invoker.invokeMethod(Invoker.java:645)
	at org.testng.internal.Invoker.invokeTestMethod(Invoker.java:851)
	at org.testng.internal.Invoker.invokeTestMethods(Invoker.java:1177)
	at org.testng.internal.TestMethodWorker.invokeTestMethods(TestMethodWorker.java:129)
	at org.testng.internal.TestMethodWorker.run(TestMethodWorker.java:112)
	at org.testng.TestRunner.privateRun(TestRunner.java:756)
	at org.testng.TestRunner.run(TestRunner.java:610)
	at org.testng.SuiteRunner.runTest(SuiteRunner.java:387)
	at org.testng.SuiteRunner.runSequentially(SuiteRunner.java:382)
	at org.testng.SuiteRunner.privateRun(SuiteRunner.java:340)
	at org.testng.SuiteRunner.run(SuiteRunner.java:289)
	at org.testng.SuiteRunnerWorker.runSuite(SuiteRunnerWorker.java:52)
	at org.testng.SuiteRunnerWorker.run(SuiteRunnerWorker.java:86)
	at org.testng.TestNG.runSuitesSequentially(TestNG.java:1293)
	at org.testng.TestNG.runSuitesLocally(TestNG.java:1218)
	at org.testng.TestNG.runSuites(TestNG.java:1133)
	at org.testng.TestNG.run(TestNG.java:1104)
	at org.testng.remote.AbstractRemoteTestNG.run(AbstractRemoteTestNG.java:132)
	at org.testng.remote.RemoteTestNG.initAndRun(RemoteTestNG.java:236)
	at org.testng.remote.RemoteTestNG.main(RemoteTestNG.java:81)
]]>
            </full-stacktrace>
          </exception> <!-- java.lang.IllegalArgumentException -->
          <reporter-output>
          </reporter-output>
        </test-method> <!-- testExceptionIsThrownInCalculateOneDayCostClass -->
        <test-method status="PASS" signature="testExceptionIsThrownInCalculeteBonusClass()[pri:0, instance:ProjectTestNG.MyMavenProjectTestNG.MyTest1ForTestNG@3a82f6ef]" name="testExceptionIsThrownInCalculeteBonusClass" duration-ms="0" started-at="2017-03-01T11:47:43Z" finished-at="2017-03-01T11:47:43Z">
          <exception class="java.lang.IllegalArgumentException">
            <message>
              <![CDATA['SalaryRate' should be more than 0! ]]>
            </message>
            <full-stacktrace>
              <![CDATA[java.lang.IllegalArgumentException: 'SalaryRate' should be more than 0! 
	at ProjectTestNG.MyMavenProjectTestNG.EmployeeOfCompany.calculeteBonus(EmployeeOfCompany.java:95)
	at ProjectTestNG.MyMavenProjectTestNG.MyTest1ForTestNG.testExceptionIsThrownInCalculeteBonusClass(MyTest1ForTestNG.java:73)
	at sun.reflect.NativeMethodAccessorImpl.invoke0(Native Method)
	at sun.reflect.NativeMethodAccessorImpl.invoke(Unknown Source)
	at sun.reflect.DelegatingMethodAccessorImpl.invoke(Unknown Source)
	at java.lang.reflect.Method.invoke(Unknown Source)
	at org.testng.internal.MethodInvocationHelper.invokeMethod(MethodInvocationHelper.java:104)
	at org.testng.internal.Invoker.invokeMethod(Invoker.java:645)
	at org.testng.internal.Invoker.invokeTestMethod(Invoker.java:851)
	at org.testng.internal.Invoker.invokeTestMethods(Invoker.java:1177)
	at org.testng.internal.TestMethodWorker.invokeTestMethods(TestMethodWorker.java:129)
	at org.testng.internal.TestMethodWorker.run(TestMethodWorker.java:112)
	at org.testng.TestRunner.privateRun(TestRunner.java:756)
	at org.testng.TestRunner.run(TestRunner.java:610)
	at org.testng.SuiteRunner.runTest(SuiteRunner.java:387)
	at org.testng.SuiteRunner.runSequentially(SuiteRunner.java:382)
	at org.testng.SuiteRunner.privateRun(SuiteRunner.java:340)
	at org.testng.SuiteRunner.run(SuiteRunner.java:289)
	at org.testng.SuiteRunnerWorker.runSuite(SuiteRunnerWorker.java:52)
	at org.testng.SuiteRunnerWorker.run(SuiteRunnerWorker.java:86)
	at org.testng.TestNG.runSuitesSequentially(TestNG.java:1293)
	at org.testng.TestNG.runSuitesLocally(TestNG.java:1218)
	at org.testng.TestNG.runSuites(TestNG.java:1133)
	at org.testng.TestNG.run(TestNG.java:1104)
	at org.testng.remote.AbstractRemoteTestNG.run(AbstractRemoteTestNG.java:132)
	at org.testng.remote.RemoteTestNG.initAndRun(RemoteTestNG.java:236)
	at org.testng.remote.RemoteTestNG.main(RemoteTestNG.java:81)
]]>
            </full-stacktrace>
          </exception> <!-- java.lang.IllegalArgumentException -->
          <reporter-output>
          </reporter-output>
        </test-method> <!-- testExceptionIsThrownInCalculeteBonusClass -->
        <test-method status="PASS" signature="testExceptionIsThrownInCountRealWorkigDaysClass()[pri:0, instance:ProjectTestNG.MyMavenProjectTestNG.MyTest1ForTestNG@3a82f6ef]" name="testExceptionIsThrownInCountRealWorkigDaysClass" duration-ms="1" started-at="2017-03-01T11:47:43Z" finished-at="2017-03-01T11:47:43Z">
          <exception class="java.lang.IllegalArgumentException">
            <message>
              <![CDATA[The General working days in month should be more than 0! ]]>
            </message>
            <full-stacktrace>
              <![CDATA[java.lang.IllegalArgumentException: The General working days in month should be more than 0! 
	at ProjectTestNG.MyMavenProjectTestNG.EmployeeOfCompany.countRealWorkigDays(EmployeeOfCompany.java:103)
	at ProjectTestNG.MyMavenProjectTestNG.MyTest1ForTestNG.testExceptionIsThrownInCountRealWorkigDaysClass(MyTest1ForTestNG.java:114)
	at sun.reflect.NativeMethodAccessorImpl.invoke0(Native Method)
	at sun.reflect.NativeMethodAccessorImpl.invoke(Unknown Source)
	at sun.reflect.DelegatingMethodAccessorImpl.invoke(Unknown Source)
	at java.lang.reflect.Method.invoke(Unknown Source)
	at org.testng.internal.MethodInvocationHelper.invokeMethod(MethodInvocationHelper.java:104)
	at org.testng.internal.Invoker.invokeMethod(Invoker.java:645)
	at org.testng.internal.Invoker.invokeTestMethod(Invoker.java:851)
	at org.testng.internal.Invoker.invokeTestMethods(Invoker.java:1177)
	at org.testng.internal.TestMethodWorker.invokeTestMethods(TestMethodWorker.java:129)
	at org.testng.internal.TestMethodWorker.run(TestMethodWorker.java:112)
	at org.testng.TestRunner.privateRun(TestRunner.java:756)
	at org.testng.TestRunner.run(TestRunner.java:610)
	at org.testng.SuiteRunner.runTest(SuiteRunner.java:387)
	at org.testng.SuiteRunner.runSequentially(SuiteRunner.java:382)
	at org.testng.SuiteRunner.privateRun(SuiteRunner.java:340)
	at org.testng.SuiteRunner.run(SuiteRunner.java:289)
	at org.testng.SuiteRunnerWorker.runSuite(SuiteRunnerWorker.java:52)
	at org.testng.SuiteRunnerWorker.run(SuiteRunnerWorker.java:86)
	at org.testng.TestNG.runSuitesSequentially(TestNG.java:1293)
	at org.testng.TestNG.runSuitesLocally(TestNG.java:1218)
	at org.testng.TestNG.runSuites(TestNG.java:1133)
	at org.testng.TestNG.run(TestNG.java:1104)
	at org.testng.remote.AbstractRemoteTestNG.run(AbstractRemoteTestNG.java:132)
	at org.testng.remote.RemoteTestNG.initAndRun(RemoteTestNG.java:236)
	at org.testng.remote.RemoteTestNG.main(RemoteTestNG.java:81)
]]>
            </full-stacktrace>
          </exception> <!-- java.lang.IllegalArgumentException -->
          <reporter-output>
          </reporter-output>
        </test-method> <!-- testExceptionIsThrownInCountRealWorkigDaysClass -->
      </class> <!-- ProjectTestNG.MyMavenProjectTestNG.MyTest1ForTestNG -->
    </test> <!-- Default test -->
  </suite> <!-- Default suite -->
</testng-results>
