<?xml version="1.0" encoding="UTF-8"?>
<!-- Generated by org.testng.reporters.JUnitXMLReporter -->
<testsuite hostname="APPLE_Juice-PC" ignored="0" name="Default test" tests="9" failures="0" timestamp="01 мар 2017 09:47:43 GMT" time="0.035" errors="0">
  <testcase name="testCalculateExperianceCoeffIfExpirianceLess9Years" time="0.005" classname="ProjectTestNG.MyMavenProjectTestNG.MyTest1ForTestNG"/>
  <testcase name="testCalculateExperianceCoeffIfExpirianceMore10Years" time="0.001" classname="ProjectTestNG.MyMavenProjectTestNG.MyTest1ForTestNG"/>
  <testcase name="testCalculateOneDayCost" time="0.0" classname="ProjectTestNG.MyMavenProjectTestNG.MyTest1ForTestNG"/>
  <testcase name="testCalculeteBonus" time="0.0" classname="ProjectTestNG.MyMavenProjectTestNG.MyTest1ForTestNG"/>
  <testcase name="testCountRealWorkigDays" time="0.001" classname="ProjectTestNG.MyMavenProjectTestNG.MyTest1ForTestNG"/>
  <testcase name="testExceptionIsThrownInCalculateExperianceCoeffClass" time="0.001" classname="ProjectTestNG.MyMavenProjectTestNG.MyTest1ForTestNG"/>
  <testcase name="testExceptionIsThrownInCalculateOneDayCostClass" time="0.001" classname="ProjectTestNG.MyMavenProjectTestNG.MyTest1ForTestNG"/>
  <testcase name="testExceptionIsThrownInCalculeteBonusClass" time="0.0" classname="ProjectTestNG.MyMavenProjectTestNG.MyTest1ForTestNG"/>
  <testcase name="testExceptionIsThrownInCountRealWorkigDaysClass" time="0.001" classname="ProjectTestNG.MyMavenProjectTestNG.MyTest1ForTestNG"/>
</testsuite> <!-- Default test -->
