<?xml version="1.0" encoding="UTF-8"?>
<!-- Generated by org.testng.reporters.JUnitReportReporter -->
<testsuite name="ProjectTestNG.MyMavenProjectTestNG.MyTest1ForTestNG" tests="9" time="0.009" ignored="0" failures="0" timestamp="26 фев 2017 21:50:06 GMT" skipped="0" hostname="APPLE_Juice-PC" errors="0">
  <testcase name="testExceptionIsThrownInCalculateOneDayCostClass" time="0.001" classname="ProjectTestNG.MyMavenProjectTestNG.MyTest1ForTestNG"/>
  <testcase name="testCalculateOneDayCost" time="0.000" classname="ProjectTestNG.MyMavenProjectTestNG.MyTest1ForTestNG"/>
  <testcase name="testCalculeteBonus" time="0.001" classname="ProjectTestNG.MyMavenProjectTestNG.MyTest1ForTestNG"/>
  <testcase name="testExceptionIsThrownInCalculateExperianceCoeffClass" time="0.001" classname="ProjectTestNG.MyMavenProjectTestNG.MyTest1ForTestNG"/>
  <testcase name="testExceptionIsThrownInCalculeteBonusClass" time="0.001" classname="ProjectTestNG.MyMavenProjectTestNG.MyTest1ForTestNG"/>
  <testcase name="testCountRealWorkigDays" time="0.000" classname="ProjectTestNG.MyMavenProjectTestNG.MyTest1ForTestNG"/>
  <testcase name="testCalculateExperianceCoeffIfExpirianceLess9Years" time="0.004" classname="ProjectTestNG.MyMavenProjectTestNG.MyTest1ForTestNG"/>
  <testcase name="testExceptionIsThrownInCountRealWorkigDaysClass" time="0.000" classname="ProjectTestNG.MyMavenProjectTestNG.MyTest1ForTestNG"/>
  <testcase name="testCalculateExperianceCoeffIfExpirianceMore10Years" time="0.001" classname="ProjectTestNG.MyMavenProjectTestNG.MyTest1ForTestNG"/>
</testsuite> <!-- ProjectTestNG.MyMavenProjectTestNG.MyTest1ForTestNG -->
